
Start-Date: 2024-02-16  18:23:44
Commandline: apt-get install --reinstall adduser
Reinstall: adduser:arm64 (3.118ubuntu5)
End-Date: 2024-02-16  18:23:45

Start-Date: 2024-02-16  18:23:47
Commandline: apt-get install --reinstall apt
Reinstall: apt:arm64 (2.4.5)
End-Date: 2024-02-16  18:23:48

Start-Date: 2024-02-16  18:23:49
Commandline: apt-get install --reinstall base-files
Reinstall: base-files:arm64 (12ubuntu4)
End-Date: 2024-02-16  18:23:50

Start-Date: 2024-02-16  18:23:52
Commandline: apt-get install --reinstall base-passwd
Reinstall: base-passwd:arm64 (3.5.52build1)
End-Date: 2024-02-16  18:23:52

Start-Date: 2024-02-16  18:23:54
Commandline: apt-get install --reinstall bash
Reinstall: bash:arm64 (5.1-6ubuntu1)
End-Date: 2024-02-16  18:23:55

Start-Date: 2024-02-16  18:23:56
Commandline: apt-get install --reinstall bsdutils
Reinstall: bsdutils:arm64 (1:2.37.2-4ubuntu3)
End-Date: 2024-02-16  18:23:57

Start-Date: 2024-02-16  18:23:59
Commandline: apt-get install --reinstall coreutils
Reinstall: coreutils:arm64 (8.32-4.1ubuntu1)
End-Date: 2024-02-16  18:24:00

Start-Date: 2024-02-16  18:24:01
Commandline: apt-get install --reinstall dash
Reinstall: dash:arm64 (0.5.11+git20210903+057cd650a4ed-3build1)
End-Date: 2024-02-16  18:24:02

Start-Date: 2024-02-16  18:24:04
Commandline: apt-get install --reinstall debconf
Reinstall: debconf:arm64 (1.5.79ubuntu1)
End-Date: 2024-02-16  18:24:05

Start-Date: 2024-02-16  18:24:06
Commandline: apt-get install --reinstall debianutils
Reinstall: debianutils:arm64 (5.5-1ubuntu2)
End-Date: 2024-02-16  18:24:07

Start-Date: 2024-02-16  18:24:08
Commandline: apt-get install --reinstall diffutils
Reinstall: diffutils:arm64 (1:3.8-0ubuntu2)
End-Date: 2024-02-16  18:24:09

Start-Date: 2024-02-16  18:24:11
Commandline: apt-get install --reinstall dpkg
Reinstall: dpkg:arm64 (1.21.1ubuntu2)
End-Date: 2024-02-16  18:24:12

Start-Date: 2024-02-16  18:24:14
Commandline: apt-get install --reinstall e2fsprogs
Reinstall: e2fsprogs:arm64 (1.46.5-2ubuntu1)
End-Date: 2024-02-16  18:24:15

Start-Date: 2024-02-16  18:24:16
Commandline: apt-get install --reinstall findutils
Reinstall: findutils:arm64 (4.8.0-1ubuntu3)
End-Date: 2024-02-16  18:24:17

Start-Date: 2024-02-16  18:24:18
Commandline: apt-get install --reinstall gcc-12-base:arm64
Reinstall: gcc-12-base:arm64 (12-20220319-1ubuntu1)
End-Date: 2024-02-16  18:24:19

Start-Date: 2024-02-16  18:24:21
Commandline: apt-get install --reinstall gpgv
Reinstall: gpgv:arm64 (2.2.27-3ubuntu2)
End-Date: 2024-02-16  18:24:21

Start-Date: 2024-02-16  18:24:23
Commandline: apt-get install --reinstall grep
Reinstall: grep:arm64 (3.7-1build1)
End-Date: 2024-02-16  18:24:24

Start-Date: 2024-02-16  18:24:25
Commandline: apt-get install --reinstall gzip
Reinstall: gzip:arm64 (1.10-4ubuntu4)
End-Date: 2024-02-16  18:24:26

Start-Date: 2024-02-16  18:24:27
Commandline: apt-get install --reinstall hostname
Reinstall: hostname:arm64 (3.23ubuntu2)
End-Date: 2024-02-16  18:24:28

Start-Date: 2024-02-16  18:24:29
Commandline: apt-get install --reinstall init-system-helpers
Reinstall: init-system-helpers:arm64 (1.62)
End-Date: 2024-02-16  18:24:30

Start-Date: 2024-02-16  18:24:32
Commandline: apt-get install --reinstall libacl1:arm64
Reinstall: libacl1:arm64 (2.3.1-1)
End-Date: 2024-02-16  18:24:32

Start-Date: 2024-02-16  18:24:34
Commandline: apt-get install --reinstall libapt-pkg6.0:arm64
Reinstall: libapt-pkg6.0:arm64 (2.4.5)
End-Date: 2024-02-16  18:24:35

Start-Date: 2024-02-16  18:24:36
Commandline: apt-get install --reinstall libattr1:arm64
Reinstall: libattr1:arm64 (1:2.5.1-1build1)
End-Date: 2024-02-16  18:24:37

Start-Date: 2024-02-16  18:24:38
Commandline: apt-get install --reinstall libaudit-common
Reinstall: libaudit-common:arm64 (1:3.0.7-1build1)
End-Date: 2024-02-16  18:24:39

Start-Date: 2024-02-16  18:24:40
Commandline: apt-get install --reinstall libaudit1:arm64
Reinstall: libaudit1:arm64 (1:3.0.7-1build1)
End-Date: 2024-02-16  18:24:41

Start-Date: 2024-02-16  18:24:43
Commandline: apt-get install --reinstall libblkid1:arm64
Reinstall: libblkid1:arm64 (2.37.2-4ubuntu3)
End-Date: 2024-02-16  18:24:44

Start-Date: 2024-02-16  18:24:45
Commandline: apt-get install --reinstall libbz2-1.0:arm64
Reinstall: libbz2-1.0:arm64 (1.0.8-5build1)
End-Date: 2024-02-16  18:24:46

Start-Date: 2024-02-16  18:24:47
Commandline: apt-get install --reinstall libc-bin
Reinstall: libc-bin:arm64 (2.35-0ubuntu3)
End-Date: 2024-02-16  18:24:48

Start-Date: 2024-02-16  18:24:51
Commandline: apt-get install --reinstall libc6:arm64
Reinstall: libc6:arm64 (2.35-0ubuntu3)
End-Date: 2024-02-16  18:24:53

Start-Date: 2024-02-16  18:24:54
Commandline: apt-get install --reinstall libcap-ng0:arm64
Reinstall: libcap-ng0:arm64 (0.7.9-2.2build3)
End-Date: 2024-02-16  18:24:55

Start-Date: 2024-02-16  18:24:56
Commandline: apt-get install --reinstall libcap2:arm64
Reinstall: libcap2:arm64 (1:2.44-1build3)
End-Date: 2024-02-16  18:24:57

Start-Date: 2024-02-16  18:24:58
Commandline: apt-get install --reinstall libcom-err2:arm64
Reinstall: libcom-err2:arm64 (1.46.5-2ubuntu1)
End-Date: 2024-02-16  18:24:59

Start-Date: 2024-02-16  18:25:01
Commandline: apt-get install --reinstall libcrypt1:arm64
Reinstall: libcrypt1:arm64 (1:4.4.27-1)
End-Date: 2024-02-16  18:25:01

Start-Date: 2024-02-16  18:25:03
Commandline: apt-get install --reinstall libdb5.3:arm64
Reinstall: libdb5.3:arm64 (5.3.28+dfsg1-0.8ubuntu3)
End-Date: 2024-02-16  18:25:04

Start-Date: 2024-02-16  18:25:05
Commandline: apt-get install --reinstall libdebconfclient0:arm64
Reinstall: libdebconfclient0:arm64 (0.261ubuntu1)
End-Date: 2024-02-16  18:25:06

Start-Date: 2024-02-16  18:25:07
Commandline: apt-get install --reinstall libext2fs2:arm64
Reinstall: libext2fs2:arm64 (1.46.5-2ubuntu1)
End-Date: 2024-02-16  18:25:08

Start-Date: 2024-02-16  18:25:09
Commandline: apt-get install --reinstall libffi8:arm64
Reinstall: libffi8:arm64 (3.4.2-4)
End-Date: 2024-02-16  18:25:10

Start-Date: 2024-02-16  18:25:12
Commandline: apt-get install --reinstall libgcc-s1:arm64
Reinstall: libgcc-s1:arm64 (12-20220319-1ubuntu1)
End-Date: 2024-02-16  18:25:12

Start-Date: 2024-02-16  18:25:14
Commandline: apt-get install --reinstall libgcrypt20:arm64
Reinstall: libgcrypt20:arm64 (1.9.4-3ubuntu3)
End-Date: 2024-02-16  18:25:15

Start-Date: 2024-02-16  18:25:16
Commandline: apt-get install --reinstall libgmp10:arm64
Reinstall: libgmp10:arm64 (2:6.2.1+dfsg-3ubuntu1)
End-Date: 2024-02-16  18:25:17

Start-Date: 2024-02-16  18:25:19
Commandline: apt-get install --reinstall libgnutls30:arm64
Reinstall: libgnutls30:arm64 (3.7.3-4ubuntu1)
End-Date: 2024-02-16  18:25:20

Start-Date: 2024-02-16  18:25:21
Commandline: apt-get install --reinstall libgpg-error0:arm64
Reinstall: libgpg-error0:arm64 (1.43-3)
End-Date: 2024-02-16  18:25:22

Start-Date: 2024-02-16  18:25:24
Commandline: apt-get install --reinstall libgssapi-krb5-2:arm64
Reinstall: libgssapi-krb5-2:arm64 (1.19.2-2)
End-Date: 2024-02-16  18:25:24

Start-Date: 2024-02-16  18:25:26
Commandline: apt-get install --reinstall libhogweed6:arm64
Reinstall: libhogweed6:arm64 (3.7.3-1build2)
End-Date: 2024-02-16  18:25:27

Start-Date: 2024-02-16  18:25:28
Commandline: apt-get install --reinstall libidn2-0:arm64
Reinstall: libidn2-0:arm64 (2.3.2-2build1)
End-Date: 2024-02-16  18:25:29

Start-Date: 2024-02-16  18:25:30
Commandline: apt-get install --reinstall libk5crypto3:arm64
Reinstall: libk5crypto3:arm64 (1.19.2-2)
End-Date: 2024-02-16  18:25:31

Start-Date: 2024-02-16  18:25:32
Commandline: apt-get install --reinstall libkeyutils1:arm64
Reinstall: libkeyutils1:arm64 (1.6.1-2ubuntu3)
End-Date: 2024-02-16  18:25:33

Start-Date: 2024-02-16  18:25:35
Commandline: apt-get install --reinstall libkrb5-3:arm64
Reinstall: libkrb5-3:arm64 (1.19.2-2)
End-Date: 2024-02-16  18:25:36

Start-Date: 2024-02-16  18:25:37
Commandline: apt-get install --reinstall libkrb5support0:arm64
Reinstall: libkrb5support0:arm64 (1.19.2-2)
End-Date: 2024-02-16  18:25:38

Start-Date: 2024-02-16  18:25:39
Commandline: apt-get install --reinstall liblz4-1:arm64
Reinstall: liblz4-1:arm64 (1.9.3-2build2)
End-Date: 2024-02-16  18:25:40

Start-Date: 2024-02-16  18:25:42
Commandline: apt-get install --reinstall liblzma5:arm64
Reinstall: liblzma5:arm64 (5.2.5-2ubuntu1)
End-Date: 2024-02-16  18:25:42

Start-Date: 2024-02-16  18:25:44
Commandline: apt-get install --reinstall libmount1:arm64
Reinstall: libmount1:arm64 (2.37.2-4ubuntu3)
End-Date: 2024-02-16  18:25:45

Start-Date: 2024-02-16  18:25:46
Commandline: apt-get install --reinstall libncurses6:arm64
Reinstall: libncurses6:arm64 (6.3-2)
End-Date: 2024-02-16  18:25:47

Start-Date: 2024-02-16  18:25:48
Commandline: apt-get install --reinstall libncursesw6:arm64
Reinstall: libncursesw6:arm64 (6.3-2)
End-Date: 2024-02-16  18:25:49

Start-Date: 2024-02-16  18:25:51
Commandline: apt-get install --reinstall libnettle8:arm64
Reinstall: libnettle8:arm64 (3.7.3-1build2)
End-Date: 2024-02-16  18:25:51

Start-Date: 2024-02-16  18:25:53
Commandline: apt-get install --reinstall libnsl2:arm64
Reinstall: libnsl2:arm64 (1.3.0-2build2)
End-Date: 2024-02-16  18:25:54

Start-Date: 2024-02-16  18:25:55
Commandline: apt-get install --reinstall libp11-kit0:arm64
Reinstall: libp11-kit0:arm64 (0.24.0-6build1)
End-Date: 2024-02-16  18:25:56

Start-Date: 2024-02-16  18:25:58
Commandline: apt-get install --reinstall libpam-modules:arm64
Reinstall: libpam-modules:arm64 (1.4.0-11ubuntu2)
End-Date: 2024-02-16  18:25:58

Start-Date: 2024-02-16  18:26:00
Commandline: apt-get install --reinstall libpam-modules-bin
Reinstall: libpam-modules-bin:arm64 (1.4.0-11ubuntu2)
End-Date: 2024-02-16  18:26:01

Start-Date: 2024-02-16  18:26:02
Commandline: apt-get install --reinstall libpam-runtime
Reinstall: libpam-runtime:arm64 (1.4.0-11ubuntu2)
End-Date: 2024-02-16  18:26:03

Start-Date: 2024-02-16  18:26:04
Commandline: apt-get install --reinstall libpam0g:arm64
Reinstall: libpam0g:arm64 (1.4.0-11ubuntu2)
End-Date: 2024-02-16  18:26:05

Start-Date: 2024-02-16  18:26:07
Commandline: apt-get install --reinstall libpcre2-8-0:arm64
Reinstall: libpcre2-8-0:arm64 (10.39-3build1)
End-Date: 2024-02-16  18:26:07

Start-Date: 2024-02-16  18:26:09
Commandline: apt-get install --reinstall libpcre3:arm64
Reinstall: libpcre3:arm64 (2:8.39-13build5)
End-Date: 2024-02-16  18:26:10

Start-Date: 2024-02-16  18:26:11
Commandline: apt-get install --reinstall libprocps8:arm64
Reinstall: libprocps8:arm64 (2:3.3.17-6ubuntu2)
End-Date: 2024-02-16  18:26:12

Start-Date: 2024-02-16  18:26:13
Commandline: apt-get install --reinstall libseccomp2:arm64
Reinstall: libseccomp2:arm64 (2.5.3-2ubuntu2)
End-Date: 2024-02-16  18:26:14

Start-Date: 2024-02-16  18:26:15
Commandline: apt-get install --reinstall libselinux1:arm64
Reinstall: libselinux1:arm64 (3.3-1build2)
End-Date: 2024-02-16  18:26:16

Start-Date: 2024-02-16  18:26:17
Commandline: apt-get install --reinstall libsemanage-common
Reinstall: libsemanage-common:arm64 (3.3-1build2)
End-Date: 2024-02-16  18:26:18

Start-Date: 2024-02-16  18:26:20
Commandline: apt-get install --reinstall libsemanage2:arm64
Reinstall: libsemanage2:arm64 (3.3-1build2)
End-Date: 2024-02-16  18:26:20

Start-Date: 2024-02-16  18:26:22
Commandline: apt-get install --reinstall libsepol2:arm64
Reinstall: libsepol2:arm64 (3.3-1build1)
End-Date: 2024-02-16  18:26:23

Start-Date: 2024-02-16  18:26:24
Commandline: apt-get install --reinstall libsmartcols1:arm64
Reinstall: libsmartcols1:arm64 (2.37.2-4ubuntu3)
End-Date: 2024-02-16  18:26:25

Start-Date: 2024-02-16  18:26:26
Commandline: apt-get install --reinstall libss2:arm64
Reinstall: libss2:arm64 (1.46.5-2ubuntu1)
End-Date: 2024-02-16  18:26:27

Start-Date: 2024-02-16  18:26:30
Commandline: apt-get install --reinstall libssl3:arm64
Reinstall: libssl3:arm64 (3.0.2-0ubuntu1)
End-Date: 2024-02-16  18:26:31

Start-Date: 2024-02-16  18:26:33
Commandline: apt-get install --reinstall libstdc++6:arm64
Reinstall: libstdc++6:arm64 (12-20220319-1ubuntu1)
End-Date: 2024-02-16  18:26:33

Start-Date: 2024-02-16  18:26:35
Commandline: apt-get install --reinstall libsystemd0:arm64
Reinstall: libsystemd0:arm64 (249.11-0ubuntu3)
End-Date: 2024-02-16  18:26:36

Start-Date: 2024-02-16  18:26:37
Commandline: apt-get install --reinstall libtasn1-6:arm64
Reinstall: libtasn1-6:arm64 (4.18.0-4build1)
End-Date: 2024-02-16  18:26:38

Start-Date: 2024-02-16  18:26:39
Commandline: apt-get install --reinstall libtinfo6:arm64
Reinstall: libtinfo6:arm64 (6.3-2)
End-Date: 2024-02-16  18:26:40

Start-Date: 2024-02-16  18:26:42
Commandline: apt-get install --reinstall libtirpc-common
Reinstall: libtirpc-common:arm64 (1.3.2-2build1)
End-Date: 2024-02-16  18:26:42

Start-Date: 2024-02-16  18:26:44
Commandline: apt-get install --reinstall libtirpc3:arm64
Reinstall: libtirpc3:arm64 (1.3.2-2build1)
End-Date: 2024-02-16  18:26:45

Start-Date: 2024-02-16  18:26:46
Commandline: apt-get install --reinstall libudev1:arm64
Reinstall: libudev1:arm64 (249.11-0ubuntu3)
End-Date: 2024-02-16  18:26:47

Start-Date: 2024-02-16  18:26:49
Commandline: apt-get install --reinstall libunistring2:arm64
Reinstall: libunistring2:arm64 (1.0-1)
End-Date: 2024-02-16  18:26:49

Start-Date: 2024-02-16  18:26:51
Commandline: apt-get install --reinstall libuuid1:arm64
Reinstall: libuuid1:arm64 (2.37.2-4ubuntu3)
End-Date: 2024-02-16  18:26:51

Start-Date: 2024-02-16  18:26:53
Commandline: apt-get install --reinstall libxxhash0:arm64
Reinstall: libxxhash0:arm64 (0.8.1-1)
End-Date: 2024-02-16  18:26:54

Start-Date: 2024-02-16  18:26:55
Commandline: apt-get install --reinstall libzstd1:arm64
Reinstall: libzstd1:arm64 (1.4.8+dfsg-3build1)
End-Date: 2024-02-16  18:26:56

Start-Date: 2024-02-16  18:26:58
Commandline: apt-get install --reinstall login
Reinstall: login:arm64 (1:4.8.1-2ubuntu2)
End-Date: 2024-02-16  18:26:58

Start-Date: 2024-02-16  18:27:00
Commandline: apt-get install --reinstall logsave
Reinstall: logsave:arm64 (1.46.5-2ubuntu1)
End-Date: 2024-02-16  18:27:00

Start-Date: 2024-02-16  18:27:02
Commandline: apt-get install --reinstall lsb-base
Reinstall: lsb-base:arm64 (11.1.0ubuntu4)
End-Date: 2024-02-16  18:27:02

Start-Date: 2024-02-16  18:27:04
Commandline: apt-get install --reinstall mawk
Reinstall: mawk:arm64 (1.3.4.20200120-3)
End-Date: 2024-02-16  18:27:04

Start-Date: 2024-02-16  18:27:06
Commandline: apt-get install --reinstall mount
Reinstall: mount:arm64 (2.37.2-4ubuntu3)
End-Date: 2024-02-16  18:27:07

Start-Date: 2024-02-16  18:27:08
Commandline: apt-get install --reinstall ncurses-base
Reinstall: ncurses-base:arm64 (6.3-2)
End-Date: 2024-02-16  18:27:09

Start-Date: 2024-02-16  18:27:10
Commandline: apt-get install --reinstall ncurses-bin
Reinstall: ncurses-bin:arm64 (6.3-2)
End-Date: 2024-02-16  18:27:11

Start-Date: 2024-02-16  18:27:13
Commandline: apt-get install --reinstall passwd
Reinstall: passwd:arm64 (1:4.8.1-2ubuntu2)
End-Date: 2024-02-16  18:27:14

Start-Date: 2024-02-16  18:27:16
Commandline: apt-get install --reinstall perl-base
Reinstall: perl-base:arm64 (5.34.0-3ubuntu1)
End-Date: 2024-02-16  18:27:17

Start-Date: 2024-02-16  18:27:19
Commandline: apt-get install --reinstall procps
Reinstall: procps:arm64 (2:3.3.17-6ubuntu2)
End-Date: 2024-02-16  18:27:20

Start-Date: 2024-02-16  18:27:21
Commandline: apt-get install --reinstall sed
Reinstall: sed:arm64 (4.8-1ubuntu2)
End-Date: 2024-02-16  18:27:22

Start-Date: 2024-02-16  18:27:23
Commandline: apt-get install --reinstall sensible-utils
Reinstall: sensible-utils:arm64 (0.0.17)
End-Date: 2024-02-16  18:27:24

Start-Date: 2024-02-16  18:27:25
Commandline: apt-get install --reinstall sysvinit-utils
Reinstall: sysvinit-utils:arm64 (3.01-1ubuntu1)
End-Date: 2024-02-16  18:27:26

Start-Date: 2024-02-16  18:27:28
Commandline: apt-get install --reinstall tar
Reinstall: tar:arm64 (1.34+dfsg-1build3)
End-Date: 2024-02-16  18:27:28

Start-Date: 2024-02-16  18:27:30
Commandline: apt-get install --reinstall ubuntu-keyring
Reinstall: ubuntu-keyring:arm64 (2021.03.26)
End-Date: 2024-02-16  18:27:31

Start-Date: 2024-02-16  18:27:32
Commandline: apt-get install --reinstall usrmerge
Reinstall: usrmerge:arm64 (25ubuntu2)
End-Date: 2024-02-16  18:27:33

Start-Date: 2024-02-16  18:27:35
Commandline: apt-get install --reinstall util-linux
Reinstall: util-linux:arm64 (2.37.2-4ubuntu3)
End-Date: 2024-02-16  18:27:36

Start-Date: 2024-02-16  18:27:37
Commandline: apt-get install --reinstall zlib1g:arm64
Reinstall: zlib1g:arm64 (1:1.2.11.dfsg-2ubuntu9)
End-Date: 2024-02-16  18:27:38

Start-Date: 2024-02-16  18:27:46
Commandline: apt-get --yes -oDebug::pkgDepCache::AutoInstall=yes --force-yes upgrade
Upgrade: dpkg:arm64 (1.21.1ubuntu2, 1.21.1ubuntu2.2), libpam-runtime:arm64 (1.4.0-11ubuntu2, 1.4.0-11ubuntu2.4), coreutils:arm64 (8.32-4.1ubuntu1, 8.32-4.1ubuntu1.1), libext2fs2:arm64 (1.46.5-2ubuntu1, 1.46.5-2ubuntu1.1), libgssapi-krb5-2:arm64 (1.19.2-2, 1.19.2-2ubuntu0.3), apt:arm64 (2.4.5, 2.4.11), libtinfo6:arm64 (6.3-2, 6.3-2ubuntu0.1), libtirpc-common:arm64 (1.3.2-2build1, 1.3.2-2ubuntu0.1), libpcre3:arm64 (2:8.39-13build5, 2:8.39-13ubuntu0.22.04.1), tar:arm64 (1.34+dfsg-1build3, 1.34+dfsg-1ubuntu0.1.22.04.2), libapt-pkg6.0:arm64 (2.4.5, 2.4.11), libsystemd0:arm64 (249.11-0ubuntu3, 249.11-0ubuntu3.12), libkrb5support0:arm64 (1.19.2-2, 1.19.2-2ubuntu0.3), libudev1:arm64 (249.11-0ubuntu3, 249.11-0ubuntu3.12), libcom-err2:arm64 (1.46.5-2ubuntu1, 1.46.5-2ubuntu1.1), libcap2:arm64 (1:2.44-1build3, 1:2.44-1ubuntu0.22.04.1), libc6:arm64 (2.35-0ubuntu3, 2.35-0ubuntu3.6), libssl3:arm64 (3.0.2-0ubuntu1, 3.0.2-0ubuntu1.14), libkrb5-3:arm64 (1.19.2-2, 1.19.2-2ubuntu0.3), libpam-modules:arm64 (1.4.0-11ubuntu2, 1.4.0-11ubuntu2.4), gpgv:arm64 (2.2.27-3ubuntu2, 2.2.27-3ubuntu2.1), base-files:arm64 (12ubuntu4, 12ubuntu4.6), libk5crypto3:arm64 (1.19.2-2, 1.19.2-2ubuntu0.3), ncurses-base:arm64 (6.3-2, 6.3-2ubuntu0.1), gzip:arm64 (1.10-4ubuntu4, 1.10-4ubuntu4.1), login:arm64 (1:4.8.1-2ubuntu2, 1:4.8.1-2ubuntu2.2), libprocps8:arm64 (2:3.3.17-6ubuntu2, 2:3.3.17-6ubuntu2.1), libpcre2-8-0:arm64 (10.39-3build1, 10.39-3ubuntu0.1), libpam-modules-bin:arm64 (1.4.0-11ubuntu2, 1.4.0-11ubuntu2.4), procps:arm64 (2:3.3.17-6ubuntu2, 2:3.3.17-6ubuntu2.1), perl-base:arm64 (5.34.0-3ubuntu1, 5.34.0-3ubuntu1.3), libpam0g:arm64 (1.4.0-11ubuntu2, 1.4.0-11ubuntu2.4), libc-bin:arm64 (2.35-0ubuntu3, 2.35-0ubuntu3.6), libgnutls30:arm64 (3.7.3-4ubuntu1, 3.7.3-4ubuntu1.4), logsave:arm64 (1.46.5-2ubuntu1, 1.46.5-2ubuntu1.1), libncursesw6:arm64 (6.3-2, 6.3-2ubuntu0.1), ncurses-bin:arm64 (6.3-2, 6.3-2ubuntu0.1), zlib1g:arm64 (1:1.2.11.dfsg-2ubuntu9, 1:1.2.11.dfsg-2ubuntu9.2), gcc-12-base:arm64 (12-20220319-1ubuntu1, 12.3.0-1ubuntu1~22.04), libtirpc3:arm64 (1.3.2-2build1, 1.3.2-2ubuntu0.1), libss2:arm64 (1.46.5-2ubuntu1, 1.46.5-2ubuntu1.1), libstdc++6:arm64 (12-20220319-1ubuntu1, 12.3.0-1ubuntu1~22.04), libncurses6:arm64 (6.3-2, 6.3-2ubuntu0.1), e2fsprogs:arm64 (1.46.5-2ubuntu1, 1.46.5-2ubuntu1.1), passwd:arm64 (1:4.8.1-2ubuntu2, 1:4.8.1-2ubuntu2.2), libgcc-s1:arm64 (12-20220319-1ubuntu1, 12.3.0-1ubuntu1~22.04)
End-Date: 2024-02-16  18:27:49
